c:\users\1234\desktop\allenboydbg\win32project1\debug\win32project1.ilk
c:\users\1234\desktop\allenboydbg\win32project1\debug\win32project1.dll
c:\users\1234\desktop\allenboydbg\win32project1\debug\win32project1.pdb
c:\users\1234\desktop\allenboydbg\win32project1\debug\win32project1.lib
c:\users\1234\desktop\allenboydbg\win32project1\debug\win32project1.exp
c:\users\1234\desktop\allenboydbg\win32project1\win32project1\debug\vc140.pdb
c:\users\1234\desktop\allenboydbg\win32project1\win32project1\debug\vc140.idb
c:\users\1234\desktop\allenboydbg\win32project1\win32project1\debug\dll.obj
c:\users\1234\desktop\allenboydbg\win32project1\win32project1\debug\main.obj
\\mac\home\desktop\allenboydbg\win32project1\win32project1\debug\dll.obj
\\mac\home\desktop\allenboydbg\win32project1\win32project1\debug\main.obj
\\mac\home\desktop\allenboydbg\win32project1\win32project1\debug\vc140.idb
\\mac\home\desktop\allenboydbg\win32project1\win32project1\debug\vc140.pdb
\\mac\home\desktop\allenboydbg\win32project1\debug\win32project1.pdb
\\mac\home\desktop\allenboydbg\win32project1\debug\win32project1.dll
\\mac\home\desktop\allenboydbg\win32project1\debug\win32project1.ilk
\\mac\home\desktop\allenboydbg\win32project1\win32project1\debug\win32project1.tlog\link.read.1.tlog
\\mac\home\desktop\allenboydbg\win32project1\win32project1\debug\win32project1.tlog\link.command.1.tlog
\\mac\home\desktop\allenboydbg\win32project1\win32project1\debug\win32project1.tlog\link.write.1.tlog
\\mac\home\desktop\allenboydbg\win32project1\win32project1\debug\win32project1.tlog\cl.read.1.tlog
\\mac\home\desktop\allenboydbg\win32project1\win32project1\debug\win32project1.tlog\win32project1.write.1u.tlog
\\mac\home\desktop\allenboydbg\win32project1\win32project1\debug\win32project1.tlog\cl.command.1.tlog
\\mac\home\desktop\allenboydbg\win32project1\win32project1\debug\win32project1.tlog\cl.write.1.tlog
